Compiling the C compiler identification source file "CMakeCCompilerId.c" failed.
Compiler: /opt/homebrew/bin/arm-none-eabi-gcc 
Build flags: 
Id flags:  

The output was:
1
/opt/homebrew/Cellar/arm-none-eabi-gcc/10.3-2021.07/gcc/bin/../lib/gcc/arm-none-eabi/10.3.1/../../../../arm-none-eabi/bin/ld: /opt/homebrew/Cellar/arm-none-eabi-gcc/10.3-2021.07/gcc/bin/../lib/gcc/arm-none-eabi/10.3.1/../../../../arm-none-eabi/lib/libc.a(lib_a-exit.o): in function `exit':
exit.c:(.text.exit+0x2c): undefined reference to `_exit'
collect2: error: ld returned 1 exit status


Compiling the CXX compiler identification source file "CMakeCXXCompilerId.cpp" failed.
Compiler: /opt/homebrew/bin/arm-none-eabi-g++ 
Build flags: 
Id flags:  

The output was:
1
/opt/homebrew/Cellar/arm-none-eabi-gcc/10.3-2021.07/gcc/bin/../lib/gcc/arm-none-eabi/10.3.1/../../../../arm-none-eabi/bin/ld: /opt/homebrew/Cellar/arm-none-eabi-gcc/10.3-2021.07/gcc/bin/../lib/gcc/arm-none-eabi/10.3.1/../../../../arm-none-eabi/lib/libc.a(lib_a-exit.o): in function `exit':
exit.c:(.text.exit+0x2c): undefined reference to `_exit'
collect2: error: ld returned 1 exit status


Detecting C compiler ABI info failed to compile with the following output:
Change Dir: /Users/anniepan/Documents/2022 Fall/ESE519/Lab2/pico/ESE519_lab2B/build/CMakeFiles/CMakeTmp

Run Build Command(s):/usr/bin/make -f Makefile cmTC_08172/fast && /Library/Developer/CommandLineTools/usr/bin/make  -f CMakeFiles/cmTC_08172.dir/build.make CMakeFiles/cmTC_08172.dir/build
Building C object CMakeFiles/cmTC_08172.dir/CMakeCCompilerABI.c.o
/opt/homebrew/bin/arm-none-eabi-gcc   -arch arm64 -isysroot /Library/Developer/CommandLineTools/SDKs/MacOSX13.0.sdk   -v -Wl,-v -o CMakeFiles/cmTC_08172.dir/CMakeCCompilerABI.c.o -c /opt/homebrew/Cellar/cmake/3.24.2/share/cmake/Modules/CMakeCCompilerABI.c
arm-none-eabi-gcc: error: arm64: No such file or directory
Using built-in specs.
COLLECT_GCC=/opt/homebrew/bin/arm-none-eabi-gcc
arm-none-eabi-gcc: error: unrecognized command-line option '-arch'; did you mean '-march='?
Target: arm-none-eabi
Configured with: /tmp/jenkins-GCC-10-pipeline-259_20210727_1627345004/src/gcc/configure --target=arm-none-eabi --prefix=/tmp/jenkins-GCC-10-pipeline-259_20210727_1627345004/install-native --libexecdir=/tmp/jenkins-GCC-10-pipeline-259_20210727_1627345004/install-native/lib --infodir=/tmp/jenkins-GCC-10-pipeline-259_20210727_1627345004/install-native/share/doc/gcc-arm-none-eabi/info --mandir=/tmp/jenkins-GCC-10-pipeline-259_20210727_1627345004/install-native/share/doc/gcc-arm-none-eabi/man --htmldir=/tmp/jenkins-GCC-10-pipeline-259_20210727_1627345004/install-native/share/doc/gcc-arm-none-eabi/html --pdfdir=/tmp/jenkins-GCC-10-pipeline-259_20210727_1627345004/install-native/share/doc/gcc-arm-none-eabi/pdf --enable-languages=c,c++ --enable-plugins --disable-decimal-float --disable-libffi --disable-libgomp --disable-libmudflap --disable-libquadmath --disable-libssp --disable-libstdcxx-pch --disable-nls --disable-shared --disable-threads --disable-tls --with-gnu-as --with-gnu-ld --with-newlib --with-headers=yes --with-python-dir=share/gcc-arm-none-eabi --with-sysroot=/tmp/jenkins-GCC-10-pipeline-259_20210727_1627345004/install-native/arm-none-eabi --build=x86_64-apple-darwin10 --host=x86_64-apple-darwin10 --with-gmp=/tmp/jenkins-GCC-10-pipeline-259_20210727_1627345004/build-native/host-libs/usr --with-mpfr=/tmp/jenkins-GCC-10-pipeline-259_20210727_1627345004/build-native/host-libs/usr --with-mpc=/tmp/jenkins-GCC-10-pipeline-259_20210727_1627345004/build-native/host-libs/usr --with-isl=/tmp/jenkins-GCC-10-pipeline-259_20210727_1627345004/build-native/host-libs/usr --with-libelf=/tmp/jenkins-GCC-10-pipeline-259_20210727_1627345004/build-native/host-libs/usr --with-host-libstdcxx='-static-libgcc -Wl,-lstdc++ -lm' --with-pkgversion='GNU Arm Embedded Toolchain 10.3-2021.07' --with-multilib-list=rmprofile,aprofile
Thread model: single
Supported LTO compression algorithms: zlib
gcc version 10.3.1 20210621 (release) (GNU Arm Embedded Toolchain 10.3-2021.07) 
make[1]: *** [CMakeFiles/cmTC_08172.dir/CMakeCCompilerABI.c.o] Error 1
make: *** [cmTC_08172/fast] Error 2




Determining if the C compiler works failed with the following output:
Change Dir: /Users/anniepan/Documents/2022 Fall/ESE519/Lab2/pico/ESE519_lab2B/build/CMakeFiles/CMakeTmp

Run Build Command(s):/usr/bin/make -f Makefile cmTC_1735b/fast && /Library/Developer/CommandLineTools/usr/bin/make  -f CMakeFiles/cmTC_1735b.dir/build.make CMakeFiles/cmTC_1735b.dir/build
Building C object CMakeFiles/cmTC_1735b.dir/testCCompiler.c.o
/opt/homebrew/bin/arm-none-eabi-gcc   -arch arm64 -isysroot /Library/Developer/CommandLineTools/SDKs/MacOSX13.0.sdk -o CMakeFiles/cmTC_1735b.dir/testCCompiler.c.o -c "/Users/anniepan/Documents/2022 Fall/ESE519/Lab2/pico/ESE519_lab2B/build/CMakeFiles/CMakeTmp/testCCompiler.c"
arm-none-eabi-gcc: error: arm64: No such file or directory
arm-none-eabi-gcc: error: unrecognized command-line option '-arch'; did you mean '-march='?
make[1]: *** [CMakeFiles/cmTC_1735b.dir/testCCompiler.c.o] Error 1
make: *** [cmTC_1735b/fast] Error 2



Compiling the C compiler identification source file "CMakeCCompilerId.c" failed.
Compiler: /opt/homebrew/bin/arm-none-eabi-gcc 
Build flags: 
Id flags:  

The output was:
1
/opt/homebrew/Cellar/arm-none-eabi-gcc/10.3-2021.07/gcc/bin/../lib/gcc/arm-none-eabi/10.3.1/../../../../arm-none-eabi/bin/ld: /opt/homebrew/Cellar/arm-none-eabi-gcc/10.3-2021.07/gcc/bin/../lib/gcc/arm-none-eabi/10.3.1/../../../../arm-none-eabi/lib/libc.a(lib_a-exit.o): in function `exit':
exit.c:(.text.exit+0x2c): undefined reference to `_exit'
collect2: error: ld returned 1 exit status


Compiling the CXX compiler identification source file "CMakeCXXCompilerId.cpp" failed.
Compiler: /opt/homebrew/bin/arm-none-eabi-g++ 
Build flags: 
Id flags:  

The output was:
1
/opt/homebrew/Cellar/arm-none-eabi-gcc/10.3-2021.07/gcc/bin/../lib/gcc/arm-none-eabi/10.3.1/../../../../arm-none-eabi/bin/ld: /opt/homebrew/Cellar/arm-none-eabi-gcc/10.3-2021.07/gcc/bin/../lib/gcc/arm-none-eabi/10.3.1/../../../../arm-none-eabi/lib/libc.a(lib_a-exit.o): in function `exit':
exit.c:(.text.exit+0x2c): undefined reference to `_exit'
collect2: error: ld returned 1 exit status


Detecting C compiler ABI info failed to compile with the following output:
Change Dir: /Users/anniepan/Documents/2022 Fall/ESE519/Lab2/pico/ESE519_lab2B/build/CMakeFiles/CMakeTmp

Run Build Command(s):/usr/bin/make -f Makefile cmTC_823ae/fast && /Library/Developer/CommandLineTools/usr/bin/make  -f CMakeFiles/cmTC_823ae.dir/build.make CMakeFiles/cmTC_823ae.dir/build
Building C object CMakeFiles/cmTC_823ae.dir/CMakeCCompilerABI.c.o
/opt/homebrew/bin/arm-none-eabi-gcc   -arch arm64 -isysroot /Library/Developer/CommandLineTools/SDKs/MacOSX13.0.sdk   -v -Wl,-v -o CMakeFiles/cmTC_823ae.dir/CMakeCCompilerABI.c.o -c /opt/homebrew/Cellar/cmake/3.24.2/share/cmake/Modules/CMakeCCompilerABI.c
arm-none-eabi-gcc: error: arm64: No such file or directory
Using built-in specs.
COLLECT_GCC=/opt/homebrew/bin/arm-none-eabi-gcc
arm-none-eabi-gcc: error: unrecognized command-line option '-arch'; did you mean '-march='?
Target: arm-none-eabi
Configured with: /tmp/jenkins-GCC-10-pipeline-259_20210727_1627345004/src/gcc/configure --target=arm-none-eabi --prefix=/tmp/jenkins-GCC-10-pipeline-259_20210727_1627345004/install-native --libexecdir=/tmp/jenkins-GCC-10-pipeline-259_20210727_1627345004/install-native/lib --infodir=/tmp/jenkins-GCC-10-pipeline-259_20210727_1627345004/install-native/share/doc/gcc-arm-none-eabi/info --mandir=/tmp/jenkins-GCC-10-pipeline-259_20210727_1627345004/install-native/share/doc/gcc-arm-none-eabi/man --htmldir=/tmp/jenkins-GCC-10-pipeline-259_20210727_1627345004/install-native/share/doc/gcc-arm-none-eabi/html --pdfdir=/tmp/jenkins-GCC-10-pipeline-259_20210727_1627345004/install-native/share/doc/gcc-arm-none-eabi/pdf --enable-languages=c,c++ --enable-plugins --disable-decimal-float --disable-libffi --disable-libgomp --disable-libmudflap --disable-libquadmath --disable-libssp --disable-libstdcxx-pch --disable-nls --disable-shared --disable-threads --disable-tls --with-gnu-as --with-gnu-ld --with-newlib --with-headers=yes --with-python-dir=share/gcc-arm-none-eabi --with-sysroot=/tmp/jenkins-GCC-10-pipeline-259_20210727_1627345004/install-native/arm-none-eabi --build=x86_64-apple-darwin10 --host=x86_64-apple-darwin10 --with-gmp=/tmp/jenkins-GCC-10-pipeline-259_20210727_1627345004/build-native/host-libs/usr --with-mpfr=/tmp/jenkins-GCC-10-pipeline-259_20210727_1627345004/build-native/host-libs/usr --with-mpc=/tmp/jenkins-GCC-10-pipeline-259_20210727_1627345004/build-native/host-libs/usr --with-isl=/tmp/jenkins-GCC-10-pipeline-259_20210727_1627345004/build-native/host-libs/usr --with-libelf=/tmp/jenkins-GCC-10-pipeline-259_20210727_1627345004/build-native/host-libs/usr --with-host-libstdcxx='-static-libgcc -Wl,-lstdc++ -lm' --with-pkgversion='GNU Arm Embedded Toolchain 10.3-2021.07' --with-multilib-list=rmprofile,aprofile
Thread model: single
Supported LTO compression algorithms: zlib
gcc version 10.3.1 20210621 (release) (GNU Arm Embedded Toolchain 10.3-2021.07) 
make[1]: *** [CMakeFiles/cmTC_823ae.dir/CMakeCCompilerABI.c.o] Error 1
make: *** [cmTC_823ae/fast] Error 2




Determining if the C compiler works failed with the following output:
Change Dir: /Users/anniepan/Documents/2022 Fall/ESE519/Lab2/pico/ESE519_lab2B/build/CMakeFiles/CMakeTmp

Run Build Command(s):/usr/bin/make -f Makefile cmTC_ea9ee/fast && /Library/Developer/CommandLineTools/usr/bin/make  -f CMakeFiles/cmTC_ea9ee.dir/build.make CMakeFiles/cmTC_ea9ee.dir/build
Building C object CMakeFiles/cmTC_ea9ee.dir/testCCompiler.c.o
/opt/homebrew/bin/arm-none-eabi-gcc   -arch arm64 -isysroot /Library/Developer/CommandLineTools/SDKs/MacOSX13.0.sdk -o CMakeFiles/cmTC_ea9ee.dir/testCCompiler.c.o -c "/Users/anniepan/Documents/2022 Fall/ESE519/Lab2/pico/ESE519_lab2B/build/CMakeFiles/CMakeTmp/testCCompiler.c"
arm-none-eabi-gcc: error: arm64: No such file or directory
arm-none-eabi-gcc: error: unrecognized command-line option '-arch'; did you mean '-march='?
make[1]: *** [CMakeFiles/cmTC_ea9ee.dir/testCCompiler.c.o] Error 1
make: *** [cmTC_ea9ee/fast] Error 2



Compiling the C compiler identification source file "CMakeCCompilerId.c" failed.
Compiler: /opt/homebrew/bin/arm-none-eabi-gcc 
Build flags: 
Id flags:  

The output was:
1
/opt/homebrew/Cellar/arm-none-eabi-gcc/10.3-2021.07/gcc/bin/../lib/gcc/arm-none-eabi/10.3.1/../../../../arm-none-eabi/bin/ld: /opt/homebrew/Cellar/arm-none-eabi-gcc/10.3-2021.07/gcc/bin/../lib/gcc/arm-none-eabi/10.3.1/../../../../arm-none-eabi/lib/libc.a(lib_a-exit.o): in function `exit':
exit.c:(.text.exit+0x2c): undefined reference to `_exit'
collect2: error: ld returned 1 exit status


Compiling the CXX compiler identification source file "CMakeCXXCompilerId.cpp" failed.
Compiler: /opt/homebrew/bin/arm-none-eabi-g++ 
Build flags: 
Id flags:  

The output was:
1
/opt/homebrew/Cellar/arm-none-eabi-gcc/10.3-2021.07/gcc/bin/../lib/gcc/arm-none-eabi/10.3.1/../../../../arm-none-eabi/bin/ld: /opt/homebrew/Cellar/arm-none-eabi-gcc/10.3-2021.07/gcc/bin/../lib/gcc/arm-none-eabi/10.3.1/../../../../arm-none-eabi/lib/libc.a(lib_a-exit.o): in function `exit':
exit.c:(.text.exit+0x2c): undefined reference to `_exit'
collect2: error: ld returned 1 exit status


Detecting C compiler ABI info failed to compile with the following output:
Change Dir: /Users/anniepan/Documents/2022 Fall/ESE519/Lab2/pico/ESE519_lab2B/build/CMakeFiles/CMakeTmp

Run Build Command(s):/usr/bin/make -f Makefile cmTC_44c0f/fast && /Library/Developer/CommandLineTools/usr/bin/make  -f CMakeFiles/cmTC_44c0f.dir/build.make CMakeFiles/cmTC_44c0f.dir/build
Building C object CMakeFiles/cmTC_44c0f.dir/CMakeCCompilerABI.c.o
/opt/homebrew/bin/arm-none-eabi-gcc   -arch arm64 -isysroot /Library/Developer/CommandLineTools/SDKs/MacOSX13.0.sdk   -v -Wl,-v -o CMakeFiles/cmTC_44c0f.dir/CMakeCCompilerABI.c.o -c /opt/homebrew/Cellar/cmake/3.24.2/share/cmake/Modules/CMakeCCompilerABI.c
arm-none-eabi-gcc: error: arm64: No such file or directory
Using built-in specs.
COLLECT_GCC=/opt/homebrew/bin/arm-none-eabi-gcc
arm-none-eabi-gcc: error: unrecognized command-line option '-arch'; did you mean '-march='?
Target: arm-none-eabi
Configured with: /tmp/jenkins-GCC-10-pipeline-259_20210727_1627345004/src/gcc/configure --target=arm-none-eabi --prefix=/tmp/jenkins-GCC-10-pipeline-259_20210727_1627345004/install-native --libexecdir=/tmp/jenkins-GCC-10-pipeline-259_20210727_1627345004/install-native/lib --infodir=/tmp/jenkins-GCC-10-pipeline-259_20210727_1627345004/install-native/share/doc/gcc-arm-none-eabi/info --mandir=/tmp/jenkins-GCC-10-pipeline-259_20210727_1627345004/install-native/share/doc/gcc-arm-none-eabi/man --htmldir=/tmp/jenkins-GCC-10-pipeline-259_20210727_1627345004/install-native/share/doc/gcc-arm-none-eabi/html --pdfdir=/tmp/jenkins-GCC-10-pipeline-259_20210727_1627345004/install-native/share/doc/gcc-arm-none-eabi/pdf --enable-languages=c,c++ --enable-plugins --disable-decimal-float --disable-libffi --disable-libgomp --disable-libmudflap --disable-libquadmath --disable-libssp --disable-libstdcxx-pch --disable-nls --disable-shared --disable-threads --disable-tls --with-gnu-as --with-gnu-ld --with-newlib --with-headers=yes --with-python-dir=share/gcc-arm-none-eabi --with-sysroot=/tmp/jenkins-GCC-10-pipeline-259_20210727_1627345004/install-native/arm-none-eabi --build=x86_64-apple-darwin10 --host=x86_64-apple-darwin10 --with-gmp=/tmp/jenkins-GCC-10-pipeline-259_20210727_1627345004/build-native/host-libs/usr --with-mpfr=/tmp/jenkins-GCC-10-pipeline-259_20210727_1627345004/build-native/host-libs/usr --with-mpc=/tmp/jenkins-GCC-10-pipeline-259_20210727_1627345004/build-native/host-libs/usr --with-isl=/tmp/jenkins-GCC-10-pipeline-259_20210727_1627345004/build-native/host-libs/usr --with-libelf=/tmp/jenkins-GCC-10-pipeline-259_20210727_1627345004/build-native/host-libs/usr --with-host-libstdcxx='-static-libgcc -Wl,-lstdc++ -lm' --with-pkgversion='GNU Arm Embedded Toolchain 10.3-2021.07' --with-multilib-list=rmprofile,aprofile
Thread model: single
Supported LTO compression algorithms: zlib
gcc version 10.3.1 20210621 (release) (GNU Arm Embedded Toolchain 10.3-2021.07) 
make[1]: *** [CMakeFiles/cmTC_44c0f.dir/CMakeCCompilerABI.c.o] Error 1
make: *** [cmTC_44c0f/fast] Error 2




Determining if the C compiler works failed with the following output:
Change Dir: /Users/anniepan/Documents/2022 Fall/ESE519/Lab2/pico/ESE519_lab2B/build/CMakeFiles/CMakeTmp

Run Build Command(s):/usr/bin/make -f Makefile cmTC_cd77b/fast && /Library/Developer/CommandLineTools/usr/bin/make  -f CMakeFiles/cmTC_cd77b.dir/build.make CMakeFiles/cmTC_cd77b.dir/build
Building C object CMakeFiles/cmTC_cd77b.dir/testCCompiler.c.o
/opt/homebrew/bin/arm-none-eabi-gcc   -arch arm64 -isysroot /Library/Developer/CommandLineTools/SDKs/MacOSX13.0.sdk -o CMakeFiles/cmTC_cd77b.dir/testCCompiler.c.o -c "/Users/anniepan/Documents/2022 Fall/ESE519/Lab2/pico/ESE519_lab2B/build/CMakeFiles/CMakeTmp/testCCompiler.c"
arm-none-eabi-gcc: error: arm64: No such file or directory
arm-none-eabi-gcc: error: unrecognized command-line option '-arch'; did you mean '-march='?
make[1]: *** [CMakeFiles/cmTC_cd77b.dir/testCCompiler.c.o] Error 1
make: *** [cmTC_cd77b/fast] Error 2



Compiling the C compiler identification source file "CMakeCCompilerId.c" failed.
Compiler: /opt/homebrew/bin/arm-none-eabi-gcc 
Build flags: 
Id flags:  

The output was:
1
/opt/homebrew/Cellar/arm-none-eabi-gcc/10.3-2021.07/gcc/bin/../lib/gcc/arm-none-eabi/10.3.1/../../../../arm-none-eabi/bin/ld: /opt/homebrew/Cellar/arm-none-eabi-gcc/10.3-2021.07/gcc/bin/../lib/gcc/arm-none-eabi/10.3.1/../../../../arm-none-eabi/lib/libc.a(lib_a-exit.o): in function `exit':
exit.c:(.text.exit+0x2c): undefined reference to `_exit'
collect2: error: ld returned 1 exit status


Compiling the CXX compiler identification source file "CMakeCXXCompilerId.cpp" failed.
Compiler: /opt/homebrew/bin/arm-none-eabi-g++ 
Build flags: 
Id flags:  

The output was:
1
/opt/homebrew/Cellar/arm-none-eabi-gcc/10.3-2021.07/gcc/bin/../lib/gcc/arm-none-eabi/10.3.1/../../../../arm-none-eabi/bin/ld: /opt/homebrew/Cellar/arm-none-eabi-gcc/10.3-2021.07/gcc/bin/../lib/gcc/arm-none-eabi/10.3.1/../../../../arm-none-eabi/lib/libc.a(lib_a-exit.o): in function `exit':
exit.c:(.text.exit+0x2c): undefined reference to `_exit'
collect2: error: ld returned 1 exit status


Detecting C compiler ABI info failed to compile with the following output:
Change Dir: /Users/anniepan/Documents/2022 Fall/ESE519/Lab2/pico/ESE519_lab2B/build/CMakeFiles/CMakeTmp

Run Build Command(s):/usr/bin/make -f Makefile cmTC_3b8ee/fast && /Library/Developer/CommandLineTools/usr/bin/make  -f CMakeFiles/cmTC_3b8ee.dir/build.make CMakeFiles/cmTC_3b8ee.dir/build
Building C object CMakeFiles/cmTC_3b8ee.dir/CMakeCCompilerABI.c.o
/opt/homebrew/bin/arm-none-eabi-gcc   -arch arm64 -isysroot /Library/Developer/CommandLineTools/SDKs/MacOSX13.0.sdk   -v -Wl,-v -o CMakeFiles/cmTC_3b8ee.dir/CMakeCCompilerABI.c.o -c /opt/homebrew/Cellar/cmake/3.24.2/share/cmake/Modules/CMakeCCompilerABI.c
arm-none-eabi-gcc: error: arm64: No such file or directory
Using built-in specs.
COLLECT_GCC=/opt/homebrew/bin/arm-none-eabi-gcc
arm-none-eabi-gcc: error: unrecognized command-line option '-arch'; did you mean '-march='?
Target: arm-none-eabi
Configured with: /tmp/jenkins-GCC-10-pipeline-259_20210727_1627345004/src/gcc/configure --target=arm-none-eabi --prefix=/tmp/jenkins-GCC-10-pipeline-259_20210727_1627345004/install-native --libexecdir=/tmp/jenkins-GCC-10-pipeline-259_20210727_1627345004/install-native/lib --infodir=/tmp/jenkins-GCC-10-pipeline-259_20210727_1627345004/install-native/share/doc/gcc-arm-none-eabi/info --mandir=/tmp/jenkins-GCC-10-pipeline-259_20210727_1627345004/install-native/share/doc/gcc-arm-none-eabi/man --htmldir=/tmp/jenkins-GCC-10-pipeline-259_20210727_1627345004/install-native/share/doc/gcc-arm-none-eabi/html --pdfdir=/tmp/jenkins-GCC-10-pipeline-259_20210727_1627345004/install-native/share/doc/gcc-arm-none-eabi/pdf --enable-languages=c,c++ --enable-plugins --disable-decimal-float --disable-libffi --disable-libgomp --disable-libmudflap --disable-libquadmath --disable-libssp --disable-libstdcxx-pch --disable-nls --disable-shared --disable-threads --disable-tls --with-gnu-as --with-gnu-ld --with-newlib --with-headers=yes --with-python-dir=share/gcc-arm-none-eabi --with-sysroot=/tmp/jenkins-GCC-10-pipeline-259_20210727_1627345004/install-native/arm-none-eabi --build=x86_64-apple-darwin10 --host=x86_64-apple-darwin10 --with-gmp=/tmp/jenkins-GCC-10-pipeline-259_20210727_1627345004/build-native/host-libs/usr --with-mpfr=/tmp/jenkins-GCC-10-pipeline-259_20210727_1627345004/build-native/host-libs/usr --with-mpc=/tmp/jenkins-GCC-10-pipeline-259_20210727_1627345004/build-native/host-libs/usr --with-isl=/tmp/jenkins-GCC-10-pipeline-259_20210727_1627345004/build-native/host-libs/usr --with-libelf=/tmp/jenkins-GCC-10-pipeline-259_20210727_1627345004/build-native/host-libs/usr --with-host-libstdcxx='-static-libgcc -Wl,-lstdc++ -lm' --with-pkgversion='GNU Arm Embedded Toolchain 10.3-2021.07' --with-multilib-list=rmprofile,aprofile
Thread model: single
Supported LTO compression algorithms: zlib
gcc version 10.3.1 20210621 (release) (GNU Arm Embedded Toolchain 10.3-2021.07) 
make[1]: *** [CMakeFiles/cmTC_3b8ee.dir/CMakeCCompilerABI.c.o] Error 1
make: *** [cmTC_3b8ee/fast] Error 2




Determining if the C compiler works failed with the following output:
Change Dir: /Users/anniepan/Documents/2022 Fall/ESE519/Lab2/pico/ESE519_lab2B/build/CMakeFiles/CMakeTmp

Run Build Command(s):/usr/bin/make -f Makefile cmTC_a7f00/fast && /Library/Developer/CommandLineTools/usr/bin/make  -f CMakeFiles/cmTC_a7f00.dir/build.make CMakeFiles/cmTC_a7f00.dir/build
Building C object CMakeFiles/cmTC_a7f00.dir/testCCompiler.c.o
/opt/homebrew/bin/arm-none-eabi-gcc   -arch arm64 -isysroot /Library/Developer/CommandLineTools/SDKs/MacOSX13.0.sdk -o CMakeFiles/cmTC_a7f00.dir/testCCompiler.c.o -c "/Users/anniepan/Documents/2022 Fall/ESE519/Lab2/pico/ESE519_lab2B/build/CMakeFiles/CMakeTmp/testCCompiler.c"
arm-none-eabi-gcc: error: arm64: No such file or directory
arm-none-eabi-gcc: error: unrecognized command-line option '-arch'; did you mean '-march='?
make[1]: *** [CMakeFiles/cmTC_a7f00.dir/testCCompiler.c.o] Error 1
make: *** [cmTC_a7f00/fast] Error 2



Compiling the C compiler identification source file "CMakeCCompilerId.c" failed.
Compiler: /opt/homebrew/bin/arm-none-eabi-gcc 
Build flags: 
Id flags:  

The output was:
1
/opt/homebrew/Cellar/arm-none-eabi-gcc/10.3-2021.07/gcc/bin/../lib/gcc/arm-none-eabi/10.3.1/../../../../arm-none-eabi/bin/ld: /opt/homebrew/Cellar/arm-none-eabi-gcc/10.3-2021.07/gcc/bin/../lib/gcc/arm-none-eabi/10.3.1/../../../../arm-none-eabi/lib/libc.a(lib_a-exit.o): in function `exit':
exit.c:(.text.exit+0x2c): undefined reference to `_exit'
collect2: error: ld returned 1 exit status


Compiling the CXX compiler identification source file "CMakeCXXCompilerId.cpp" failed.
Compiler: /opt/homebrew/bin/arm-none-eabi-g++ 
Build flags: 
Id flags:  

The output was:
1
/opt/homebrew/Cellar/arm-none-eabi-gcc/10.3-2021.07/gcc/bin/../lib/gcc/arm-none-eabi/10.3.1/../../../../arm-none-eabi/bin/ld: /opt/homebrew/Cellar/arm-none-eabi-gcc/10.3-2021.07/gcc/bin/../lib/gcc/arm-none-eabi/10.3.1/../../../../arm-none-eabi/lib/libc.a(lib_a-exit.o): in function `exit':
exit.c:(.text.exit+0x2c): undefined reference to `_exit'
collect2: error: ld returned 1 exit status


Detecting C compiler ABI info failed to compile with the following output:
Change Dir: /Users/anniepan/Documents/2022 Fall/ESE519/Lab2/pico/ESE519_lab2B/build/CMakeFiles/CMakeTmp

Run Build Command(s):/usr/bin/make -f Makefile cmTC_b525f/fast && /Library/Developer/CommandLineTools/usr/bin/make  -f CMakeFiles/cmTC_b525f.dir/build.make CMakeFiles/cmTC_b525f.dir/build
Building C object CMakeFiles/cmTC_b525f.dir/CMakeCCompilerABI.c.o
/opt/homebrew/bin/arm-none-eabi-gcc   -arch arm64 -isysroot /Library/Developer/CommandLineTools/SDKs/MacOSX13.0.sdk   -v -Wl,-v -o CMakeFiles/cmTC_b525f.dir/CMakeCCompilerABI.c.o -c /opt/homebrew/Cellar/cmake/3.24.2/share/cmake/Modules/CMakeCCompilerABI.c
arm-none-eabi-gcc: error: arm64: No such file or directory
Using built-in specs.
COLLECT_GCC=/opt/homebrew/bin/arm-none-eabi-gcc
arm-none-eabi-gcc: error: unrecognized command-line option '-arch'; did you mean '-march='?
Target: arm-none-eabi
Configured with: /tmp/jenkins-GCC-10-pipeline-259_20210727_1627345004/src/gcc/configure --target=arm-none-eabi --prefix=/tmp/jenkins-GCC-10-pipeline-259_20210727_1627345004/install-native --libexecdir=/tmp/jenkins-GCC-10-pipeline-259_20210727_1627345004/install-native/lib --infodir=/tmp/jenkins-GCC-10-pipeline-259_20210727_1627345004/install-native/share/doc/gcc-arm-none-eabi/info --mandir=/tmp/jenkins-GCC-10-pipeline-259_20210727_1627345004/install-native/share/doc/gcc-arm-none-eabi/man --htmldir=/tmp/jenkins-GCC-10-pipeline-259_20210727_1627345004/install-native/share/doc/gcc-arm-none-eabi/html --pdfdir=/tmp/jenkins-GCC-10-pipeline-259_20210727_1627345004/install-native/share/doc/gcc-arm-none-eabi/pdf --enable-languages=c,c++ --enable-plugins --disable-decimal-float --disable-libffi --disable-libgomp --disable-libmudflap --disable-libquadmath --disable-libssp --disable-libstdcxx-pch --disable-nls --disable-shared --disable-threads --disable-tls --with-gnu-as --with-gnu-ld --with-newlib --with-headers=yes --with-python-dir=share/gcc-arm-none-eabi --with-sysroot=/tmp/jenkins-GCC-10-pipeline-259_20210727_1627345004/install-native/arm-none-eabi --build=x86_64-apple-darwin10 --host=x86_64-apple-darwin10 --with-gmp=/tmp/jenkins-GCC-10-pipeline-259_20210727_1627345004/build-native/host-libs/usr --with-mpfr=/tmp/jenkins-GCC-10-pipeline-259_20210727_1627345004/build-native/host-libs/usr --with-mpc=/tmp/jenkins-GCC-10-pipeline-259_20210727_1627345004/build-native/host-libs/usr --with-isl=/tmp/jenkins-GCC-10-pipeline-259_20210727_1627345004/build-native/host-libs/usr --with-libelf=/tmp/jenkins-GCC-10-pipeline-259_20210727_1627345004/build-native/host-libs/usr --with-host-libstdcxx='-static-libgcc -Wl,-lstdc++ -lm' --with-pkgversion='GNU Arm Embedded Toolchain 10.3-2021.07' --with-multilib-list=rmprofile,aprofile
Thread model: single
Supported LTO compression algorithms: zlib
gcc version 10.3.1 20210621 (release) (GNU Arm Embedded Toolchain 10.3-2021.07) 
make[1]: *** [CMakeFiles/cmTC_b525f.dir/CMakeCCompilerABI.c.o] Error 1
make: *** [cmTC_b525f/fast] Error 2




Determining if the C compiler works failed with the following output:
Change Dir: /Users/anniepan/Documents/2022 Fall/ESE519/Lab2/pico/ESE519_lab2B/build/CMakeFiles/CMakeTmp

Run Build Command(s):/usr/bin/make -f Makefile cmTC_8c398/fast && /Library/Developer/CommandLineTools/usr/bin/make  -f CMakeFiles/cmTC_8c398.dir/build.make CMakeFiles/cmTC_8c398.dir/build
Building C object CMakeFiles/cmTC_8c398.dir/testCCompiler.c.o
/opt/homebrew/bin/arm-none-eabi-gcc   -arch arm64 -isysroot /Library/Developer/CommandLineTools/SDKs/MacOSX13.0.sdk -o CMakeFiles/cmTC_8c398.dir/testCCompiler.c.o -c "/Users/anniepan/Documents/2022 Fall/ESE519/Lab2/pico/ESE519_lab2B/build/CMakeFiles/CMakeTmp/testCCompiler.c"
arm-none-eabi-gcc: error: arm64: No such file or directory
arm-none-eabi-gcc: error: unrecognized command-line option '-arch'; did you mean '-march='?
make[1]: *** [CMakeFiles/cmTC_8c398.dir/testCCompiler.c.o] Error 1
make: *** [cmTC_8c398/fast] Error 2



Compiling the C compiler identification source file "CMakeCCompilerId.c" failed.
Compiler: /opt/homebrew/bin/arm-none-eabi-gcc 
Build flags: 
Id flags:  

The output was:
1
/opt/homebrew/Cellar/arm-none-eabi-gcc/10.3-2021.07/gcc/bin/../lib/gcc/arm-none-eabi/10.3.1/../../../../arm-none-eabi/bin/ld: /opt/homebrew/Cellar/arm-none-eabi-gcc/10.3-2021.07/gcc/bin/../lib/gcc/arm-none-eabi/10.3.1/../../../../arm-none-eabi/lib/libc.a(lib_a-exit.o): in function `exit':
exit.c:(.text.exit+0x2c): undefined reference to `_exit'
collect2: error: ld returned 1 exit status


Compiling the CXX compiler identification source file "CMakeCXXCompilerId.cpp" failed.
Compiler: /opt/homebrew/bin/arm-none-eabi-g++ 
Build flags: 
Id flags:  

The output was:
1
/opt/homebrew/Cellar/arm-none-eabi-gcc/10.3-2021.07/gcc/bin/../lib/gcc/arm-none-eabi/10.3.1/../../../../arm-none-eabi/bin/ld: /opt/homebrew/Cellar/arm-none-eabi-gcc/10.3-2021.07/gcc/bin/../lib/gcc/arm-none-eabi/10.3.1/../../../../arm-none-eabi/lib/libc.a(lib_a-exit.o): in function `exit':
exit.c:(.text.exit+0x2c): undefined reference to `_exit'
collect2: error: ld returned 1 exit status


Detecting C compiler ABI info failed to compile with the following output:
Change Dir: /Users/anniepan/Documents/2022 Fall/ESE519/Lab2/pico/ESE519_lab2B/build/CMakeFiles/CMakeTmp

Run Build Command(s):/usr/bin/make -f Makefile cmTC_613f6/fast && /Library/Developer/CommandLineTools/usr/bin/make  -f CMakeFiles/cmTC_613f6.dir/build.make CMakeFiles/cmTC_613f6.dir/build
Building C object CMakeFiles/cmTC_613f6.dir/CMakeCCompilerABI.c.o
/opt/homebrew/bin/arm-none-eabi-gcc   -arch arm64 -isysroot /Library/Developer/CommandLineTools/SDKs/MacOSX13.0.sdk   -v -Wl,-v -o CMakeFiles/cmTC_613f6.dir/CMakeCCompilerABI.c.o -c /opt/homebrew/Cellar/cmake/3.24.2/share/cmake/Modules/CMakeCCompilerABI.c
arm-none-eabi-gcc: error: arm64: No such file or directory
Using built-in specs.
COLLECT_GCC=/opt/homebrew/bin/arm-none-eabi-gcc
arm-none-eabi-gcc: error: unrecognized command-line option '-arch'; did you mean '-march='?
Target: arm-none-eabi
Configured with: /tmp/jenkins-GCC-10-pipeline-259_20210727_1627345004/src/gcc/configure --target=arm-none-eabi --prefix=/tmp/jenkins-GCC-10-pipeline-259_20210727_1627345004/install-native --libexecdir=/tmp/jenkins-GCC-10-pipeline-259_20210727_1627345004/install-native/lib --infodir=/tmp/jenkins-GCC-10-pipeline-259_20210727_1627345004/install-native/share/doc/gcc-arm-none-eabi/info --mandir=/tmp/jenkins-GCC-10-pipeline-259_20210727_1627345004/install-native/share/doc/gcc-arm-none-eabi/man --htmldir=/tmp/jenkins-GCC-10-pipeline-259_20210727_1627345004/install-native/share/doc/gcc-arm-none-eabi/html --pdfdir=/tmp/jenkins-GCC-10-pipeline-259_20210727_1627345004/install-native/share/doc/gcc-arm-none-eabi/pdf --enable-languages=c,c++ --enable-plugins --disable-decimal-float --disable-libffi --disable-libgomp --disable-libmudflap --disable-libquadmath --disable-libssp --disable-libstdcxx-pch --disable-nls --disable-shared --disable-threads --disable-tls --with-gnu-as --with-gnu-ld --with-newlib --with-headers=yes --with-python-dir=share/gcc-arm-none-eabi --with-sysroot=/tmp/jenkins-GCC-10-pipeline-259_20210727_1627345004/install-native/arm-none-eabi --build=x86_64-apple-darwin10 --host=x86_64-apple-darwin10 --with-gmp=/tmp/jenkins-GCC-10-pipeline-259_20210727_1627345004/build-native/host-libs/usr --with-mpfr=/tmp/jenkins-GCC-10-pipeline-259_20210727_1627345004/build-native/host-libs/usr --with-mpc=/tmp/jenkins-GCC-10-pipeline-259_20210727_1627345004/build-native/host-libs/usr --with-isl=/tmp/jenkins-GCC-10-pipeline-259_20210727_1627345004/build-native/host-libs/usr --with-libelf=/tmp/jenkins-GCC-10-pipeline-259_20210727_1627345004/build-native/host-libs/usr --with-host-libstdcxx='-static-libgcc -Wl,-lstdc++ -lm' --with-pkgversion='GNU Arm Embedded Toolchain 10.3-2021.07' --with-multilib-list=rmprofile,aprofile
Thread model: single
Supported LTO compression algorithms: zlib
gcc version 10.3.1 20210621 (release) (GNU Arm Embedded Toolchain 10.3-2021.07) 
make[1]: *** [CMakeFiles/cmTC_613f6.dir/CMakeCCompilerABI.c.o] Error 1
make: *** [cmTC_613f6/fast] Error 2




Determining if the C compiler works failed with the following output:
Change Dir: /Users/anniepan/Documents/2022 Fall/ESE519/Lab2/pico/ESE519_lab2B/build/CMakeFiles/CMakeTmp

Run Build Command(s):/usr/bin/make -f Makefile cmTC_ab7ea/fast && /Library/Developer/CommandLineTools/usr/bin/make  -f CMakeFiles/cmTC_ab7ea.dir/build.make CMakeFiles/cmTC_ab7ea.dir/build
Building C object CMakeFiles/cmTC_ab7ea.dir/testCCompiler.c.o
/opt/homebrew/bin/arm-none-eabi-gcc   -arch arm64 -isysroot /Library/Developer/CommandLineTools/SDKs/MacOSX13.0.sdk -o CMakeFiles/cmTC_ab7ea.dir/testCCompiler.c.o -c "/Users/anniepan/Documents/2022 Fall/ESE519/Lab2/pico/ESE519_lab2B/build/CMakeFiles/CMakeTmp/testCCompiler.c"
arm-none-eabi-gcc: error: arm64: No such file or directory
arm-none-eabi-gcc: error: unrecognized command-line option '-arch'; did you mean '-march='?
make[1]: *** [CMakeFiles/cmTC_ab7ea.dir/testCCompiler.c.o] Error 1
make: *** [cmTC_ab7ea/fast] Error 2



